Arguments: 
  /home/jcbasson/.nvm/versions/node/v12.10.0/bin/node /usr/share/yarn/bin/yarn.js start

PATH: 
  /home/jcbasson/.nvm/versions/node/v12.10.0/bin:/home/jcbasson/anaconda3/bin:/home/jcbasson/.local/bin:/usr/local/sbin:/usr/local/bin:/usr/sbin:/usr/bin:/sbin:/bin:/usr/games:/usr/local/games:/snap/bin

Yarn version: 
  1.17.3

Node version: 
  12.10.0

Platform: 
  linux x64

Trace: 
  SyntaxError: /home/jcbasson/Projects/code-test/code/data/package.json: Unexpected token } in JSON at position 223
      at JSON.parse (<anonymous>)
      at /usr/share/yarn/lib/cli.js:1625:59
      at Generator.next (<anonymous>)
      at step (/usr/share/yarn/lib/cli.js:304:30)
      at /usr/share/yarn/lib/cli.js:315:13

npm manifest: 
  {
    "name": "data-server",
    "version": "1.0.0",
    "main": "index.js",
    "author": "Jan-Christiaan Basson <jan.basson@gmail.com>",
    "license": "MIT",
    "scripts": {
      "start": "json-server --watch sample-data.json"
    },
  }

yarn manifest: 
  No manifest

Lockfile: 
  No lockfile
